<?xml version="1.0" encoding="UTF-8"?>
<testng-results skipped="0" failed="0" ignored="0" total="2" passed="2">
  <reporter-output>
  </reporter-output>
  <suite name="Suite" duration-ms="42824" started-at="2019-07-07T06:54:55Z" finished-at="2019-07-07T06:55:38Z">
    <groups>
    </groups>
    <test name="Test" duration-ms="42824" started-at="2019-07-07T06:54:55Z" finished-at="2019-07-07T06:55:38Z">
      <class name="tests.TC002_DeleteLead">
        <test-method status="PASS" signature="setData()[pri:0, instance:tests.TC002_DeleteLead@14bf9759]" name="setData" is-config="true" duration-ms="11" started-at="2019-07-07T06:54:55Z" finished-at="2019-07-07T06:54:55Z">
          <reporter-output>
          </reporter-output>
        </test-method> <!-- setData -->
        <test-method status="PASS" signature="login(java.lang.String, java.lang.String, java.lang.String)[pri:0, instance:tests.TC002_DeleteLead@14bf9759]" name="login" is-config="true" duration-ms="7538" started-at="2019-07-07T06:54:55Z" finished-at="2019-07-07T06:55:03Z">
          <params>
            <param index="0">
              <value>
                <![CDATA[http://leaftaps.com/opentaps/]]>
              </value>
            </param>
            <param index="1">
              <value>
                <![CDATA[DemoSalesManager]]>
              </value>
            </param>
            <param index="2">
              <value>
                <![CDATA[crmsfa]]>
              </value>
            </param>
          </params>
          <reporter-output>
          </reporter-output>
        </test-method> <!-- login -->
        <test-method status="PASS" signature="DeleteLeadTest(java.lang.String, java.lang.String, java.lang.String)[pri:0, instance:tests.TC002_DeleteLead@14bf9759]" name="DeleteLeadTest" duration-ms="11185" started-at="2019-07-07T06:55:03Z" data-provider="fetchData" finished-at="2019-07-07T06:55:14Z">
          <params>
            <param index="0">
              <value>
                <![CDATA[TestLeaf]]>
              </value>
            </param>
            <param index="1">
              <value>
                <![CDATA[Babu]]>
              </value>
            </param>
            <param index="2">
              <value>
                <![CDATA[M]]>
              </value>
            </param>
          </params>
          <reporter-output>
          </reporter-output>
        </test-method> <!-- DeleteLeadTest -->
        <test-method status="PASS" signature="closeBrowser()[pri:0, instance:tests.TC002_DeleteLead@14bf9759]" name="closeBrowser" is-config="true" duration-ms="2136" started-at="2019-07-07T06:55:14Z" finished-at="2019-07-07T06:55:16Z">
          <reporter-output>
          </reporter-output>
        </test-method> <!-- closeBrowser -->
        <test-method status="PASS" signature="login(java.lang.String, java.lang.String, java.lang.String)[pri:0, instance:tests.TC002_DeleteLead@14bf9759]" name="login" is-config="true" duration-ms="6648" started-at="2019-07-07T06:55:16Z" finished-at="2019-07-07T06:55:23Z">
          <params>
            <param index="0">
              <value>
                <![CDATA[http://leaftaps.com/opentaps/]]>
              </value>
            </param>
            <param index="1">
              <value>
                <![CDATA[DemoSalesManager]]>
              </value>
            </param>
            <param index="2">
              <value>
                <![CDATA[crmsfa]]>
              </value>
            </param>
          </params>
          <reporter-output>
          </reporter-output>
        </test-method> <!-- login -->
        <test-method status="PASS" signature="DeleteLeadTest(java.lang.String, java.lang.String, java.lang.String)[pri:0, instance:tests.TC002_DeleteLead@14bf9759]" name="DeleteLeadTest" duration-ms="12442" started-at="2019-07-07T06:55:23Z" data-provider="fetchData" finished-at="2019-07-07T06:55:35Z">
          <params>
            <param index="0">
              <value>
                <![CDATA[TestLeaf]]>
              </value>
            </param>
            <param index="1">
              <value>
                <![CDATA[Sharath]]>
              </value>
            </param>
            <param index="2">
              <value>
                <![CDATA[M]]>
              </value>
            </param>
          </params>
          <reporter-output>
          </reporter-output>
        </test-method> <!-- DeleteLeadTest -->
        <test-method status="PASS" signature="closeBrowser()[pri:0, instance:tests.TC002_DeleteLead@14bf9759]" name="closeBrowser" is-config="true" duration-ms="2417" started-at="2019-07-07T06:55:35Z" finished-at="2019-07-07T06:55:38Z">
          <reporter-output>
          </reporter-output>
        </test-method> <!-- closeBrowser -->
      </class> <!-- tests.TC002_DeleteLead -->
    </test> <!-- Test -->
  </suite> <!-- Suite -->
</testng-results>
